This is pdfTeX, Version 3.14159265-2.6-1.40.20 (TeX Live 2019/Debian) (preloaded format=pdflatex 2021.1.5)  2 FEB 2021 11:59
entering extended mode
 restricted \write18 enabled.
 %&-line parsing enabled.
**mesa.tex
(./mesa.tex
LaTeX2e <2020-02-02> patch level 2
L3 programming layer <2020-02-14>
(/usr/share/texlive/texmf-dist/tex/latex/revtex/revtex4-1.cls
Document Class: revtex4-1 2010/07/25/20:33:00 4.1r (http://publish.aps.org/revt
ex4/ for documentation)
 Copyright (c) 2009 The American Physical Society.
 mailto:revtex@aps.org
 Licensed under the LPPL:
http://www.ctan.org/tex-archive/macros/latex/base/lppl.txt
 Arthur Ogawa <arthur_ogawa at sbcglobal dot net>
 Based on work by David Carlisle <david at dcarlisle.demon.co.uk>.
ltxutil[2010/07/25/20:33:00 4.1r utilities package (portions licensed from W. E
. Baxter web at superscript.com)]
LaTeX Info: Redefining \@centercr on input line 308.
Class revtex4-1 Info: Repairing broken LaTeX eqnarray on input line 358.
\eqncolsep=\skip47
Class revtex4-1 Info: Repairing hyperref-unfriendly LaTeX definition of \mpfoot
note on input line 433.
Class revtex4-1 Info: Repairing broken LateX \@sect on input line 755.
\intertabularlinepenalty=\count167
\@tbpen=\count168
\@arstrutbox@hline=\box45
Class revtex4-1 Info: Repairing broken LaTeX \@xbitor on input line 1786.
Class revtex4-1 Info: Making \typeout \long on input line 2046.
ltxfront[2010/07/25/20:33:00 4.1r frontmatter package (AO,DPC)]
\c@affil=\count169
\c@collab=\count170
\absbox=\box46
ltxgrid[2010/07/25/20:33:00 4.1r page grid package (portions licensed from W. E
. Baxter web at superscript.com)]
\c@linecount=\count171
\output@latex=\toks14
\box@size@1=\box47
\box@size@2=\box48
\@protection@box=\box49
\@topmark@saved=\toks15
\footins@saved=\box50
\footins@recovered=\box51
\column@recovered=\box52
\pagesofar=\box53
\footsofar=\box54
\pagegrid@col=\count172

Class revtex4-1 Warning: Failed to recognize \@vspace, \@vspacer, \@no@pgbk, \@
newline, and \\; no patches applied. Please get a more up-to-date class, .

\c@part=\count173
\c@section=\count174
\c@subsection=\count175
\c@subsubsection=\count176
\c@paragraph=\count177
\c@subparagraph=\count178
\abovecaptionskip=\skip48
\belowcaptionskip=\skip49
\c@figure=\count179
\fbox@1=\box55
\c@table=\count180
\fbox@2=\box56
\c@video=\count181
\fbox@4=\box57
\@bibdataout=\write3
\widetext@top=\box58
\widetext@bot=\box59

Class revtex4-1 Warning: No Society specified, using default society aps.

(/usr/share/texlive/texmf-dist/tex/latex/revtex/aps4-1.rtx
File: aps4-1 2010/07/25/20:33:00 4.1r (http://publish.aps.org/revtex4/ for docu
mentation)
Class revtex4-1 Info: RevTeX society APS selected on input line 31.
)
Class revtex4-1 Info: Selecting journal prd on input line 7544.
Class revtex4-1 Info: APS journal PRD selected on input line 7545.

(/usr/share/texlive/texmf-dist/tex/latex/revtex/aps10pt4-1.rtx
File: aps10pt4-1 2010/07/25/20:33:00 4.1r (http://publish.aps.org/revtex4/ for 
documentation)
Class revtex4-1 Info: RevTeX pointsize 10pt selected on input line 30.
)
(/usr/share/texlive/texmf-dist/tex/latex/textcase/textcase.sty
Package: textcase 2019/09/14 v1.00 Text only upper/lower case changing (DPC)
)
(/usr/share/texlive/texmf-dist/tex/latex/url/url.sty
\Urlmuskip=\muskip16
Package: url 2013/09/16  ver 3.4  Verb mode for urls, etc.
)
(/usr/share/texlive/texmf-dist/tex/latex/natbib/natbib.sty
Package: natbib 2010/09/13 8.31b (PWD, AO)
\bibhang=\skip50
\bibsep=\skip51
LaTeX Info: Redefining \cite on input line 694.
\c@NAT@ctr=\count182
)
Class revtex4-1 Info: Repairing natbib's \BibitemShut on input line 7549.

(/usr/share/texlive/texmf-dist/tex/latex/revtex/revsymb4-1.sty
Package: revsymb4-1 2010/07/25/20:33:00 4.1r (http://publish.aps.org/revtex4/ f
or documentation)
LaTeX Info: Redefining \REV@mathfrak on input line 119.
))
(/usr/share/texlive/texmf-dist/tex/latex/amsmath/amsmath.sty
Package: amsmath 2020/01/20 v2.17e AMS math features
\@mathmargin=\skip52

For additional information on amsmath, use the `?' option.
(/usr/share/texlive/texmf-dist/tex/latex/amsmath/amstext.sty
Package: amstext 2000/06/29 v2.01 AMS text

(/usr/share/texlive/texmf-dist/tex/latex/amsmath/amsgen.sty
File: amsgen.sty 1999/11/30 v2.0 generic functions
\@emptytoks=\toks16
\ex@=\dimen134
)
LaTeX Info: Redefining \text on input line 28.
)
(/usr/share/texlive/texmf-dist/tex/latex/amsmath/amsbsy.sty
Package: amsbsy 1999/11/29 v1.2d Bold Symbols
\pmbraise@=\dimen135
)
(/usr/share/texlive/texmf-dist/tex/latex/amsmath/amsopn.sty
Package: amsopn 2016/03/08 v2.02 operator names
)
\inf@bad=\count183
LaTeX Info: Redefining \frac on input line 227.
\uproot@=\count184
\leftroot@=\count185
LaTeX Info: Redefining \overline on input line 389.
\classnum@=\count186
\DOTSCASE@=\count187
LaTeX Info: Redefining \ldots on input line 486.
LaTeX Info: Redefining \dots on input line 489.
LaTeX Info: Redefining \cdots on input line 610.
\Mathstrutbox@=\box60
\strutbox@=\box61
\big@size=\dimen136
LaTeX Font Info:    Redeclaring font encoding OML on input line 733.
LaTeX Font Info:    Redeclaring font encoding OMS on input line 734.
\macc@depth=\count188
\c@MaxMatrixCols=\count189
\dotsspace@=\muskip17
\c@parentequation=\count190
\dspbrk@lvl=\count191
\tag@help=\toks17
\row@=\count192
\column@=\count193
\maxfields@=\count194
\andhelp@=\toks18
\eqnshift@=\dimen137
\alignsep@=\dimen138
\tagshift@=\dimen139
\tagwidth@=\dimen140
\totwidth@=\dimen141
\lineht@=\dimen142
\@envbody=\toks19
\multlinegap=\skip53
\multlinetaggap=\skip54
\mathdisplay@stack=\toks20
LaTeX Info: Redefining \[ on input line 2859.
LaTeX Info: Redefining \] on input line 2860.
)
(/usr/share/texlive/texmf-dist/tex/latex/amsfonts/amssymb.sty
Package: amssymb 2013/01/14 v3.01 AMS font symbols

(/usr/share/texlive/texmf-dist/tex/latex/amsfonts/amsfonts.sty
Package: amsfonts 2013/01/14 v3.01 Basic AMSFonts support
\symAMSa=\mathgroup4
\symAMSb=\mathgroup5
LaTeX Font Info:    Redeclaring math symbol \hbar on input line 98.
LaTeX Font Info:    Overwriting math alphabet `\mathfrak' in version `bold'
(Font)                  U/euf/m/n --> U/euf/b/n on input line 106.
LaTeX Info: Redefining \frak on input line 111.
LaTeX Info: Redefining \Bbb on input line 113.
))
(/usr/share/texlive/texmf-dist/tex/generic/ulem/ulem.sty
\UL@box=\box62
\UL@hyphenbox=\box63
\UL@skip=\skip55
\UL@hook=\toks21
\UL@height=\dimen143
\UL@pe=\count195
\UL@pixel=\dimen144
\ULC@box=\box64
Package: ulem 2019/11/18
\ULdepth=\dimen145
)
(/usr/share/texlive/texmf-dist/tex/latex/base/textcomp.sty
Package: textcomp 2020/02/02 v2.0n Standard LaTeX package
)
(/usr/share/texlive/texmf-dist/tex/latex/hyperref/hyperref.sty
Package: hyperref 2020/01/14 v7.00d Hypertext links for LaTeX

(/usr/share/texlive/texmf-dist/tex/generic/ltxcmds/ltxcmds.sty
Package: ltxcmds 2019/12/15 v1.24 LaTeX kernel commands for general use (HO)
)
(/usr/share/texlive/texmf-dist/tex/generic/iftex/iftex.sty
Package: iftex 2019/11/07 v1.0c TeX engine tests
)
(/usr/share/texlive/texmf-dist/tex/latex/pdftexcmds/pdftexcmds.sty
Package: pdftexcmds 2019/11/24 v0.31 Utility functions of pdfTeX for LuaTeX (HO
)

(/usr/share/texlive/texmf-dist/tex/generic/infwarerr/infwarerr.sty
Package: infwarerr 2019/12/03 v1.5 Providing info/warning/error messages (HO)
)
Package pdftexcmds Info: \pdf@primitive is available.
Package pdftexcmds Info: \pdf@ifprimitive is available.
Package pdftexcmds Info: \pdfdraftmode found.
)
(/usr/share/texlive/texmf-dist/tex/latex/graphics/keyval.sty
Package: keyval 2014/10/28 v1.15 key=value parser (DPC)
\KV@toks@=\toks22
)
(/usr/share/texlive/texmf-dist/tex/generic/kvsetkeys/kvsetkeys.sty
Package: kvsetkeys 2019/12/15 v1.18 Key value parser (HO)
)
(/usr/share/texlive/texmf-dist/tex/generic/kvdefinekeys/kvdefinekeys.sty
Package: kvdefinekeys 2019-12-19 v1.6 Define keys (HO)
)
(/usr/share/texlive/texmf-dist/tex/generic/pdfescape/pdfescape.sty
Package: pdfescape 2019/12/09 v1.15 Implements pdfTeX's escape features (HO)
)
(/usr/share/texlive/texmf-dist/tex/latex/hycolor/hycolor.sty
Package: hycolor 2020-01-27 v1.10 Color options for hyperref/bookmark (HO)
)
(/usr/share/texlive/texmf-dist/tex/latex/letltxmacro/letltxmacro.sty
Package: letltxmacro 2019/12/03 v1.6 Let assignment for LaTeX macros (HO)
)
(/usr/share/texlive/texmf-dist/tex/latex/auxhook/auxhook.sty
Package: auxhook 2019-12-17 v1.6 Hooks for auxiliary files (HO)
)
(/usr/share/texlive/texmf-dist/tex/latex/kvoptions/kvoptions.sty
Package: kvoptions 2019/11/29 v3.13 Key value format for package options (HO)
)
\@linkdim=\dimen146
\Hy@linkcounter=\count196
\Hy@pagecounter=\count197

(/usr/share/texlive/texmf-dist/tex/latex/hyperref/pd1enc.def
File: pd1enc.def 2020/01/14 v7.00d Hyperref: PDFDocEncoding definition (HO)
Now handling font encoding PD1 ...
... no UTF-8 mapping file for font encoding PD1
)
(/usr/share/texlive/texmf-dist/tex/generic/intcalc/intcalc.sty
Package: intcalc 2019/12/15 v1.3 Expandable calculations with integers (HO)
)
(/usr/share/texlive/texmf-dist/tex/generic/etexcmds/etexcmds.sty
Package: etexcmds 2019/12/15 v1.7 Avoid name clashes with e-TeX commands (HO)
)
\Hy@SavedSpaceFactor=\count198
\pdfmajorversion=\count199
Package hyperref Info: Hyper figures OFF on input line 4547.
Package hyperref Info: Link nesting OFF on input line 4552.
Package hyperref Info: Hyper index ON on input line 4555.
Package hyperref Info: Plain pages OFF on input line 4562.
Package hyperref Info: Backreferencing OFF on input line 4567.
Package hyperref Info: Implicit mode ON; LaTeX internals redefined.
Package hyperref Info: Bookmarks ON on input line 4800.
LaTeX Info: Redefining \href on input line 5070.
\c@Hy@tempcnt=\count266
LaTeX Info: Redefining \url on input line 5159.
\XeTeXLinkMargin=\dimen147

(/usr/share/texlive/texmf-dist/tex/generic/bitset/bitset.sty
Package: bitset 2019/12/09 v1.3 Handle bit-vector datatype (HO)

(/usr/share/texlive/texmf-dist/tex/generic/bigintcalc/bigintcalc.sty
Package: bigintcalc 2019/12/15 v1.5 Expandable calculations on big integers (HO
)
))
\Fld@menulength=\count267
\Field@Width=\dimen148
\Fld@charsize=\dimen149
Package hyperref Info: Hyper figures OFF on input line 6430.
Package hyperref Info: Link nesting OFF on input line 6435.
Package hyperref Info: Hyper index ON on input line 6438.
Package hyperref Info: backreferencing OFF on input line 6445.
Package hyperref Info: Link coloring OFF on input line 6450.
Package hyperref Info: Link coloring with OCG OFF on input line 6455.
Package hyperref Info: PDF/A mode OFF on input line 6460.
LaTeX Info: Redefining \ref on input line 6500.
LaTeX Info: Redefining \pageref on input line 6504.

(/usr/share/texlive/texmf-dist/tex/generic/atbegshi/atbegshi.sty
Package: atbegshi 2019/12/05 v1.19 At begin shipout hook (HO)
)
\Hy@abspage=\count268
\c@Item=\count269
\c@Hfootnote=\count270
)
Package hyperref Info: Driver (autodetected): hpdftex.

(/usr/share/texlive/texmf-dist/tex/latex/hyperref/hpdftex.def
File: hpdftex.def 2020/01/14 v7.00d Hyperref driver for pdfTeX

(/usr/share/texlive/texmf-dist/tex/latex/atveryend/atveryend.sty
Package: atveryend 2019-12-11 v1.11 Hooks at the very end of document (HO)
)
\Fld@listcount=\count271
\c@bookmark@seq@number=\count272

(/usr/share/texlive/texmf-dist/tex/latex/rerunfilecheck/rerunfilecheck.sty
Package: rerunfilecheck 2019/12/05 v1.9 Rerun checks for auxiliary files (HO)

(/usr/share/texlive/texmf-dist/tex/generic/uniquecounter/uniquecounter.sty
Package: uniquecounter 2019/12/15 v1.4 Provide unlimited unique counter (HO)
)
Package uniquecounter Info: New unique counter `rerunfilecheck' on input line 2
86.
)
\Hy@SectionHShift=\skip56
)
(/usr/share/texlive/texmf-dist/tex/latex/enumitem/enumitem.sty
Package: enumitem 2019/06/20 v3.9 Customized lists
\labelindent=\skip57
\enit@outerparindent=\dimen150
\enit@toks=\toks23
\enit@inbox=\box65
\enit@count@id=\count273
\enitdp@description=\count274
)
(/usr/share/texlive/texmf-dist/tex/latex/tools/bm.sty
Package: bm 2019/07/24 v1.2d Bold Symbol Support (DPC/FMi)
\symboldoperators=\mathgroup6
\symboldletters=\mathgroup7
\symboldsymbols=\mathgroup8
LaTeX Font Info:    Redeclaring math alphabet \mathbf on input line 141.
LaTeX Info: Redefining \bm on input line 209.
)
(/usr/share/texlive/texmf-dist/tex/latex/tools/afterpage.sty
Package: afterpage 2014/10/28 v1.08 After-Page Package (DPC)
\AP@output=\toks24
\AP@partial=\box66
\AP@footins=\box67
)
(/usr/share/texlive/texmf-dist/tex/latex/graphics/graphicx.sty
Package: graphicx 2019/11/30 v1.2a Enhanced LaTeX Graphics (DPC,SPQR)

(/usr/share/texlive/texmf-dist/tex/latex/graphics/graphics.sty
Package: graphics 2019/11/30 v1.4a Standard LaTeX Graphics (DPC,SPQR)

(/usr/share/texlive/texmf-dist/tex/latex/graphics/trig.sty
Package: trig 2016/01/03 v1.10 sin cos tan (DPC)
)
(/usr/share/texlive/texmf-dist/tex/latex/graphics-cfg/graphics.cfg
File: graphics.cfg 2016/06/04 v1.11 sample graphics configuration
)
Package graphics Info: Driver file: pdftex.def on input line 105.

(/usr/share/texlive/texmf-dist/tex/latex/graphics-def/pdftex.def
File: pdftex.def 2018/01/08 v1.0l Graphics/color driver for pdftex
))
\Gin@req@height=\dimen151
\Gin@req@width=\dimen152
)
(/usr/share/texlive/texmf-dist/tex/latex/psfrag/psfrag.sty
Package: psfrag 1998/04/11 v3.04 PSfrag (MCG)
\pfg@pcount=\count275
\pfg@scount=\count276
\pfg@temp=\write4
)
(/usr/share/texlive/texmf-dist/tex/latex/mathtools/mathtools.sty
Package: mathtools 2020/01/17 v1.23 mathematical typesetting tools

(/usr/share/texlive/texmf-dist/tex/latex/tools/calc.sty
Package: calc 2017/05/25 v4.3 Infix arithmetic (KKT,FJ)
\calc@Acount=\count277
\calc@Bcount=\count278
\calc@Adimen=\dimen153
\calc@Bdimen=\dimen154
\calc@Askip=\skip58
\calc@Bskip=\skip59
LaTeX Info: Redefining \setlength on input line 80.
LaTeX Info: Redefining \addtolength on input line 81.
\calc@Ccount=\count279
\calc@Cskip=\skip60
)
(/usr/share/texlive/texmf-dist/tex/latex/mathtools/mhsetup.sty
Package: mhsetup 2017/03/31 v1.3 programming setup (MH)
)
LaTeX Info: Thecontrolsequence`\('isalreadyrobust on input line 129.
LaTeX Info: Thecontrolsequence`\)'isalreadyrobust on input line 129.
LaTeX Info: Thecontrolsequence`\['isalreadyrobust on input line 129.
LaTeX Info: Thecontrolsequence`\]'isalreadyrobust on input line 129.
\g_MT_multlinerow_int=\count280
\l_MT_multwidth_dim=\dimen155
\origjot=\skip61
\l_MT_shortvdotswithinadjustabove_dim=\dimen156
\l_MT_shortvdotswithinadjustbelow_dim=\dimen157
\l_MT_above_intertext_sep=\dimen158
\l_MT_below_intertext_sep=\dimen159
\l_MT_above_shortintertext_sep=\dimen160
\l_MT_below_shortintertext_sep=\dimen161
)
(/usr/share/texlive/texmf-dist/tex/latex/layouts/layouts.sty
Package: layouts 2009/09/02 v2.6d graphical depiction of document elements
\l@ylen=\skip62
\layoutsbox=\box68
\l@youtunitlength=\skip63
\l@youtlinethick=\skip64
\l@youtlinethickii=\skip65
\l@ysetupparskip=\skip66
\l@ysetupbaselineskip=\skip67
\l@yonem=\skip68
\l@yonex=\skip69
\l@ylmarg=\skip70
\l@yrmarg=\skip71
\l@yitmindent=\skip72
\l@ylblwidth=\skip73
\l@ylblsep=\skip74
\l@ylparindent=\skip75
\l@ytsep=\skip76
\l@ypskip=\skip77
\l@yptsep=\skip78
\l@ypsep=\skip79
\l@yitmsep=\skip80
\l@ytok=\toks25
\l@youtpw=\count281
\l@youtph=\count282
\l@youthpi=\count283
\l@youthpii=\count284
\l@youthpiii=\count285
\l@youthpiv=\count286
\l@youthpv=\count287
\l@youthpvi=\count288
\l@youthpvii=\count289
\l@youtparskip=\count290
\l@youtvpi=\count291
\l@youtvpii=\count292
\l@youtvpiii=\count293
\l@youtvpiv=\count294
\l@youtvpv=\count295
\l@youtvpvi=\count296
\l@youtvpvii=\count297
\l@youthdo=\count298
\l@youthdi=\count299
\l@youthdii=\count300
\l@youthdiii=\count301
\l@youthdiv=\count302
\l@youthdv=\count303
\l@youthdvi=\count304
\l@youthdvii=\count305
\l@youtvdo=\count306
\l@youtvdi=\count307
\l@youtvdii=\count308
\l@youtvdiii=\count309
\l@youtvdiv=\count310
\l@youtvdv=\count311
\l@youtvdvi=\count312
\l@youtvdvii=\count313
\l@youtvdviii=\count314
\l@youtxci=\count315
\l@youtxcii=\count316
\l@youtxciii=\count317
\l@youtxciv=\count318
\l@youtxcv=\count319
\l@youtxcvi=\count320
\l@youtyci=\count321
\l@youtycii=\count322
\l@youtyciii=\count323
\l@youtyciv=\count324
\l@youtycv=\count325
\l@youtycvi=\count326
\l@youtycvii=\count327
\l@youtycviii=\count328
\l@youtxco=\count329
\l@youtyco=\count330
\l@ytempdima=\skip81
\stockwidth=\skip82
\stockheight=\skip83
\trimedge=\skip84
\trimtop=\skip85
\uppermargin=\skip86
\spinemargin=\skip87
)
(/usr/share/texlive/texmf-dist/tex/latex/epstopdf-pkg/epstopdf.sty
Package: epstopdf 2020-01-24 v2.11 Conversion with epstopdf on the fly (HO)

(/usr/share/texlive/texmf-dist/tex/latex/grfext/grfext.sty
Package: grfext 2019/12/03 v1.3 Manage graphics extensions (HO)
)
(/usr/share/texlive/texmf-dist/tex/latex/epstopdf-pkg/epstopdf-base.sty
Package: epstopdf-base 2020-01-24 v2.11 Base part for package epstopdf
Package epstopdf-base Info: Redefining graphics rule for `.eps' on input line 4
85.
Package grfext Info: Graphics extension search list:
(grfext)             [.pdf,.png,.jpg,.mps,.jpeg,.jbig2,.jb2,.PDF,.PNG,.JPG,.JPE
G,.JBIG2,.JB2,.eps]
(grfext)             \AppendGraphicsExtensions on input line 504.

(/usr/share/texlive/texmf-dist/tex/latex/latexconfig/epstopdf-sys.cfg
File: epstopdf-sys.cfg 2010/07/13 v1.3 Configuration of (r)epstopdf for TeX Liv
e
)))
(/usr/share/texlive/texmf-dist/tex/latex/xcolor/xcolor.sty
Package: xcolor 2016/05/11 v2.12 LaTeX color extensions (UK)

(/usr/share/texlive/texmf-dist/tex/latex/graphics-cfg/color.cfg
File: color.cfg 2016/01/02 v1.6 sample color configuration
)
Package xcolor Info: Package option `usenames' ignored on input line 216.
Package xcolor Info: Driver file: pdftex.def on input line 225.
Package xcolor Info: Model `cmy' substituted by `cmy0' on input line 1348.
Package xcolor Info: Model `hsb' substituted by `rgb' on input line 1352.
Package xcolor Info: Model `RGB' extended on input line 1364.
Package xcolor Info: Model `HTML' substituted by `rgb' on input line 1366.
Package xcolor Info: Model `Hsb' substituted by `hsb' on input line 1367.
Package xcolor Info: Model `tHsb' substituted by `hsb' on input line 1368.
Package xcolor Info: Model `HSB' substituted by `hsb' on input line 1369.
Package xcolor Info: Model `Gray' substituted by `gray' on input line 1370.
Package xcolor Info: Model `wave' substituted by `hsb' on input line 1371.

(/usr/share/texlive/texmf-dist/tex/latex/graphics/dvipsnam.def
File: dvipsnam.def 2016/06/17 v3.0m Driver-dependent file (DPC,SPQR)
))
(/usr/share/texlive/texmf-dist/tex/latex/base/inputenc.sty
Package: inputenc 2018/08/11 v1.3c Input encoding file
\inpenc@prehook=\toks26
\inpenc@posthook=\toks27
)
(/usr/share/texlive/texmf-dist/tex/latex/multirow/multirow.sty
Package: multirow 2019/05/31 v2.5 Span multiple rows of a table
\multirow@colwidth=\skip88
\multirow@cntb=\count331
\multirow@dima=\skip89
\bigstrutjot=\dimen162
)
(/usr/share/texlive/texmf-dist/tex/latex/graphics/rotating.sty
Package: rotating 2016/08/11 v2.16d rotated objects in LaTeX

(/usr/share/texlive/texmf-dist/tex/latex/base/ifthen.sty
Package: ifthen 2014/09/29 v1.1c Standard LaTeX ifthen package (DPC)
)
\c@r@tfl@t=\count332
\rotFPtop=\skip90
\rotFPbot=\skip91
\rot@float@box=\box69
\rot@mess@toks=\toks28
)
(/usr/share/texlive/texmf-dist/tex/latex/tools/tabularx.sty
Package: tabularx 2020/01/15 v2.11c `tabularx' package (DPC)

(/usr/share/texlive/texmf-dist/tex/latex/tools/array.sty
Package: array 2019/08/31 v2.4l Tabular extension package (FMi)
\col@sep=\dimen163
\ar@mcellbox=\box70
\extrarowheight=\dimen164
\NC@list=\toks29
\extratabsurround=\skip92
\backup@length=\skip93
\ar@cellbox=\box71
)
\TX@col@width=\dimen165
\TX@old@table=\dimen166
\TX@old@col=\dimen167
\TX@target=\dimen168
\TX@delta=\dimen169
\TX@cols=\count333
\TX@ftn=\toks30
)
(/usr/share/texlive/texmf-dist/tex/latex/ragged2e/ragged2e.sty
Package: ragged2e 2019/07/28 v2.2 ragged2e Package (MS)

(/usr/share/texlive/texmf-dist/tex/latex/ms/everysel.sty
Package: everysel 2011/10/28 v1.2 EverySelectfont Package (MS)
)
\CenteringLeftskip=\skip94
\RaggedLeftLeftskip=\skip95
\RaggedRightLeftskip=\skip96
\CenteringRightskip=\skip97
\RaggedLeftRightskip=\skip98
\RaggedRightRightskip=\skip99
\CenteringParfillskip=\skip100
\RaggedLeftParfillskip=\skip101
\RaggedRightParfillskip=\skip102
\JustifyingParfillskip=\skip103
\CenteringParindent=\skip104
\RaggedLeftParindent=\skip105
\RaggedRightParindent=\skip106
\JustifyingParindent=\skip107
)
(/usr/share/texlive/texmf-dist/tex/latex/blindtext/blindtext.sty
Package: blindtext 2012/01/06 V2.0 blindtext-Package

(/usr/share/texlive/texmf-dist/tex/latex/tools/xspace.sty
Package: xspace 2014/10/28 v1.13 Space after command names (DPC,MH)
)
\c@blindtext=\count334
\c@Blindtext=\count335
\c@blind@countparstart=\count336
\blind@countxx=\count337
\blindtext@numBlindtext=\count338
\blind@countyy=\count339
\c@blindlist=\count340
\c@blindlistlevel=\count341
\c@blindlist@level=\count342
\blind@listitem=\count343
\c@blind@listcount=\count344
\c@blind@levelcount=\count345
\blind@mathformula=\count346
\blind@Mathformula=\count347
\c@blind@randomcount=\count348
\c@blind@randommax=\count349
\c@blind@pangramcount=\count350
\c@blind@pangrammax=\count351
)
(/usr/share/texlive/texmf-dist/tex/latex/siunitx/siunitx.sty
(/usr/share/texlive/texmf-dist/tex/latex/l3kernel/expl3.sty
Package: expl3 2020-02-14 L3 programming layer (loader) 

(/usr/share/texlive/texmf-dist/tex/latex/l3backend/l3backend-pdfmode.def
File: l3backend-pdfmode.def 2020-02-03 L3 backend support: PDF mode
\l__kernel_color_stack_int=\count352
\l__pdf_internal_box=\box72
))
(/usr/share/texlive/texmf-dist/tex/latex/l3packages/xparse/xparse.sty
Package: xparse 2020-02-14 L3 Experimental document command parser
\l__xparse_current_arg_int=\count353
\g__xparse_grabber_int=\count354
\l__xparse_m_args_int=\count355
\l__xparse_v_nesting_int=\count356
)
Package: siunitx 2020/01/15 v2.7u A comprehensive (SI) units package

(/usr/share/texlive/texmf-dist/tex/latex/l3packages/l3keys2e/l3keys2e.sty
Package: l3keys2e 2020-02-14 LaTeX2e option processing using LaTeX3 keys
)
\l__siunitx_tmp_box=\box73
\l__siunitx_tmp_dim=\dimen170
\l__siunitx_tmp_int=\count357
\l__siunitx_number_mantissa_length_int=\count358
\l__siunitx_number_uncert_length_int=\count359
\l__siunitx_round_int=\count360
\l__siunitx_process_decimal_int=\count361
\l__siunitx_process_uncertainty_int=\count362
\l__siunitx_process_fixed_int=\count363
\l__siunitx_process_integer_min_int=\count364
\l__siunitx_process_precision_int=\count365
\l__siunitx_group_min_int=\count366
\l__siunitx_angle_marker_box=\box74
\l__siunitx_angle_unit_box=\box75
\l__siunitx_angle_marker_dim=\dimen171
\l__siunitx_angle_unit_dim=\dimen172
\l__siunitx_unit_int=\count367
\l__siunitx_unit_denominator_int=\count368
\l__siunitx_unit_numerator_int=\count369
\l__siunitx_unit_prefix_int=\count370
\l__siunitx_unit_prefix_base_int=\count371
\l__siunitx_unit_prefix_gram_int=\count372
\l__siunitx_number_product_int=\count373
\c__siunitx_one_fill_skip=\skip108
\l__siunitx_table_unit_align_skip=\skip109
\l__siunitx_table_exponent_dim=\dimen173
\l__siunitx_table_integer_dim=\dimen174
\l__siunitx_table_mantissa_dim=\dimen175
\l__siunitx_table_marker_dim=\dimen176
\l__siunitx_table_result_dim=\dimen177
\l__siunitx_table_uncert_dim=\dimen178
\l__siunitx_table_fill_pre_dim=\dimen179
\l__siunitx_table_fill_post_dim=\dimen180
\l__siunitx_table_fill_mid_dim=\dimen181
\l__siunitx_table_pre_box=\box76
\l__siunitx_table_post_box=\box77
\l__siunitx_table_mantissa_box=\box78
\l__siunitx_table_result_box=\box79
\l__siunitx_table_number_align_skip=\skip110
\l__siunitx_table_text_align_skip=\skip111

(/usr/share/texlive/texmf-dist/tex/latex/translator/translator.sty
Package: translator 2019-05-31 v1.12a Easy translation of strings in LaTeX
))
\c@theorem=\count374
Class revtex4-1 Info: Unrecognized array package. Please update this document c
lass! (Proceeding with fingers crossed.) on input line 49.
Class revtex4-1 Info: cite was not loaded (OK!) on input line 49.
Class revtex4-1 Info: mcite was not loaded (OK!) on input line 49.
Class revtex4-1 Info: multicol was not loaded (OK!) on input line 49.

(./mesa.aux

LaTeX Warning: Label `eq:EntropyGain' multiply defined.


LaTeX Warning: Label `eq:EntropyGain2' multiply defined.


LaTeX Warning: Label `eq:MaxConstraint' multiply defined.


LaTeX Warning: Label `eq:MESApsd' multiply defined.


LaTeX Warning: Label `eq:ARspectrum' multiply defined.


LaTeX Warning: Label `eq:linearPredictor' multiply defined.


LaTeX Warning: Label `eq:bestLinearPredictor' multiply defined.


LaTeX Warning: Label `sec:optimizers' multiply defined.


LaTeX Warning: Label `eq:MMAx' multiply defined.

)
\openout1 = `mesa.aux'.

LaTeX Font Info:    Checking defaults for OML/cmm/m/it on input line 49.
LaTeX Font Info:    ... okay on input line 49.
LaTeX Font Info:    Checking defaults for OMS/cmsy/m/n on input line 49.
LaTeX Font Info:    ... okay on input line 49.
LaTeX Font Info:    Checking defaults for OT1/cmr/m/n on input line 49.
LaTeX Font Info:    ... okay on input line 49.
LaTeX Font Info:    Checking defaults for T1/cmr/m/n on input line 49.
LaTeX Font Info:    ... okay on input line 49.
LaTeX Font Info:    Checking defaults for TS1/cmr/m/n on input line 49.
LaTeX Font Info:    ... okay on input line 49.
LaTeX Font Info:    Checking defaults for OMX/cmex/m/n on input line 49.
LaTeX Font Info:    ... okay on input line 49.
LaTeX Font Info:    Checking defaults for U/cmr/m/n on input line 49.
LaTeX Font Info:    ... okay on input line 49.
LaTeX Font Info:    Checking defaults for PD1/pdf/m/n on input line 49.
LaTeX Font Info:    ... okay on input line 49.
\AtBeginShipoutBox=\box80


Package hyperref Warning: Height of page (\stockheight) is invalid (0.0pt),
(hyperref)                using 11in.

Package hyperref Info: Link coloring OFF on input line 49.
(/usr/share/texlive/texmf-dist/tex/latex/hyperref/nameref.sty
Package: nameref 2019/09/16 v2.46 Cross-referencing by name of section

(/usr/share/texlive/texmf-dist/tex/latex/refcount/refcount.sty
Package: refcount 2019/12/15 v3.6 Data extraction from label references (HO)
)
(/usr/share/texlive/texmf-dist/tex/generic/gettitlestring/gettitlestring.sty
Package: gettitlestring 2019/12/15 v1.6 Cleanup title references (HO)
)
\c@section@level=\count375
)
LaTeX Info: Redefining \ref on input line 49.
LaTeX Info: Redefining \pageref on input line 49.
LaTeX Info: Redefining \nameref on input line 49.

(./mesa.out) (./mesa.out)
\@outlinefile=\write5
\openout5 = `mesa.out'.


(/usr/share/texlive/texmf-dist/tex/context/base/mkii/supp-pdf.mkii
[Loading MPS to PDF converter (version 2006.09.02).]
\scratchcounter=\count376
\scratchdimen=\dimen182
\scratchbox=\box81
\nofMPsegments=\count377
\nofMParguments=\count378
\everyMPshowfont=\toks31
\MPscratchCnt=\count379
\MPscratchDim=\dimen183
\MPnumerator=\count380
\makeMPintoPDFobject=\count381
\everyMPtoPDFconversion=\toks32
)

Package layouts Warning: Layout scale set to 0.5 on input line 49.

ABD: EverySelectfont initializing macros
LaTeX Info: Redefining \selectfont on input line 49.

(/usr/share/texlive/texmf-dist/tex/latex/translator/translator-basic-dictionary
-English.dict
Dictionary: translator-basic-dictionary, Language: English 
)
(/usr/share/texlive/texmf-dist/tex/latex/siunitx/siunitx-abbreviations.cfg
File: siunitx-abbreviations.cfg 2017/11/26 v2.7k siunitx: Abbreviated units
)
Class revtex4-1 Info: Taking \maketitle back from hyperref on input line 49.
\openout3 = `mesaNotes.bib'.

LaTeX Font Info:    Trying to load font information for U+msa on input line 49.


(/usr/share/texlive/texmf-dist/tex/latex/amsfonts/umsa.fd
File: umsa.fd 2013/01/14 v3.01 AMS symbols A
)
LaTeX Font Info:    Trying to load font information for U+msb on input line 49.


(/usr/share/texlive/texmf-dist/tex/latex/amsfonts/umsb.fd
File: umsb.fd 2013/01/14 v3.01 AMS symbols B
) [1
Non-PDF special ignored!
<special> header=psfrag.pro
{/var/lib/texmf/fonts/map/pdftex/updmap/pdftex.map}]

LaTeX Warning: Reference `app:Burg' on page 2 undefined on input line 126.

[2]
Overfull \hbox (67.49251pt too wide) detected at line 161
[][]\OML/cmm/m/it/10 E [] \OT1/cmr/m/n/10 = [] \OML/cmm/m/it/10 c[]E [] c[] \OT
1/cmr/m/n/10 = [] \OML/cmm/m/it/10 c[]R\OT1/cmr/m/n/10 (\OML/cmm/m/it/10 j \OMS
/cmsy/m/n/10 ^^@ \OML/cmm/m/it/10 i\OT1/cmr/m/n/10 )\OML/cmm/m/it/10 c[] > \OT1
/cmr/m/n/10 0\OML/cmm/m/it/10 ;
 []


Overfull \hbox (10.62769pt too wide) detected at line 177
[]
 []

[3pdfTeX warning (ext4): destination with the same identifier (name{equation.2.
15}) has been already used, duplicate ignored

\AtBegShi@Output ...ipout \box \AtBeginShipoutBox 
                                                  \fi \fi 
l.220 
      ] [4] [5pdfTeX warning (ext4): destination with the same identifier (name
{equation.5.23}) has been already used, duplicate ignored

\AtBegShi@Output ...ipout \box \AtBeginShipoutBox 
                                                  \fi \fi 
l.313 \begin{equation}
                      \label{eq:information}pdfTeX warning (ext4): destination 
with the same identifier (name{equation.5.23}) has been already used, duplicate
 ignored

\AtBegShi@Output ...ipout \box \AtBeginShipoutBox 
                                                  \fi \fi 
l.313 \begin{equation}
                      \label{eq:information}pdfTeX warning (ext4): destination 
with the same identifier (name{equation.5.24}) has been already used, duplicate
 ignored

\AtBegShi@Output ...ipout \box \AtBeginShipoutBox 
                                                  \fi \fi 
l.313 \begin{equation}
                      \label{eq:information}] [6pdfTeX warning (ext4): destinat
ion with the same identifier (name{equation.5.26}) has been already used, dupli
cate ignored

\AtBegShi@Output ...ipout \box \AtBeginShipoutBox 
                                                  \fi \fi 
l.366 \begin{equation}
                      pdfTeX warning (ext4): destination with the same identifi
er (name{equation.5.26}) has been already used, duplicate ignored

\AtBegShi@Output ...ipout \box \AtBeginShipoutBox 
                                                  \fi \fi 
l.366 \begin{equation}
                      ]
Overfull \hbox (35.20659pt too wide) detected at line 427
[][]\OML/cmm/m/it/10 p [] \OT1/cmr/m/n/10 = [] [] [] \OML/cmm/m/it/10 :
 []

[7pdfTeX warning (ext4): destination with the same identifier (name{equation.5.
30}) has been already used, duplicate ignored

\AtBegShi@Output ...ipout \box \AtBeginShipoutBox 
                                                  \fi \fi 
l.437 \begin{equation}
                      \nonumberpdfTeX warning (ext4): destination with the same
 identifier (name{equation.5.32}) has been already used, duplicate ignored

\AtBegShi@Output ...ipout \box \AtBeginShipoutBox 
                                                  \fi \fi 
l.437 \begin{equation}
                      \nonumberpdfTeX warning (ext4): destination with the same
 identifier (name{equation.5.32}) has been already used, duplicate ignored

\AtBegShi@Output ...ipout \box \AtBeginShipoutBox 
                                                  \fi \fi 
l.437 \begin{equation}
                      \nonumberpdfTeX warning (ext4): destination with the same
 identifier (name{equation.5.35}) has been already used, duplicate ignored

\AtBegShi@Output ...ipout \box \AtBeginShipoutBox 
                                                  \fi \fi 
l.437 \begin{equation}
                      \nonumberpdfTeX warning (ext4): destination with the same
 identifier (name{equation.5.35}) has been already used, duplicate ignored

\AtBegShi@Output ...ipout \box \AtBeginShipoutBox 
                                                  \fi \fi 
l.437 \begin{equation}
                      \nonumberpdfTeX warning (ext4): destination with the same
 identifier (name{equation.5.35}) has been already used, duplicate ignored

\AtBegShi@Output ...ipout \box \AtBeginShipoutBox 
                                                  \fi \fi 
l.437 \begin{equation}
                      \nonumberpdfTeX warning (ext4): destination with the same
 identifier (name{equation.5.35}) has been already used, duplicate ignored

\AtBegShi@Output ...ipout \box \AtBeginShipoutBox 
                                                  \fi \fi 
l.437 \begin{equation}
                      \nonumber]
Overfull \hbox (3.28317pt too wide) detected at line 450
[]
 []


LaTeX Warning: Reference `app:Toeplitz' on page 8 undefined on input line 486.

[8pdfTeX warning (ext4): destination with the same identifier (name{equation.6.
37}) has been already used, duplicate ignored

\AtBegShi@Output ...ipout \box \AtBeginShipoutBox 
                                                  \fi \fi 
l.493 \end{equation}
                    pdfTeX warning (ext4): destination with the same identifier
 (name{equation.6.37}) has been already used, duplicate ignored

\AtBegShi@Output ...ipout \box \AtBeginShipoutBox 
                                                  \fi \fi 
l.493 \end{equation}
                    pdfTeX warning (ext4): destination with the same identifier
 (name{equation.6.39}) has been already used, duplicate ignored

\AtBegShi@Output ...ipout \box \AtBeginShipoutBox 
                                                  \fi \fi 
l.493 \end{equation}
                    ]
Overfull \hbox (95.2163pt too wide) detected at line 528
[][]\OML/cmm/m/it/10 p\OT1/cmr/m/n/10 (\OML/cmm/m/it/10 x[]; t[]\OT1/cmr/m/n/10
 ; [] ; \OML/cmm/m/it/10 x[]; t[]\OMS/cmsy/m/n/10 j\OML/cmm/m/it/10 I\OT1/cmr/m
/n/10 ) = \OML/cmm/m/it/10 p\OT1/cmr/m/n/10 (\OML/cmm/m/it/10 x[]; t[]\OMS/cmsy
/m/n/10 j\OML/cmm/m/it/10 x[]; t[]\OT1/cmr/m/n/10 ; [] \OML/cmm/m/it/10 x[]; t[
]I\OT1/cmr/m/n/10 )\OML/cmm/m/it/10 p\OT1/cmr/m/n/10 (\OML/cmm/m/it/10 x[]; t[]
 [] x[]; t[]\OMS/cmsy/m/n/10 j\OML/cmm/m/it/10 I\OT1/cmr/m/n/10 )\OML/cmm/m/it/
10 :
 []


Overfull \hbox (58.53604pt too wide) detected at line 536
[][] [] \OT1/cmr/m/n/10 = \OML/cmm/m/it/10 p\OT1/cmr/m/n/10 (\OML/cmm/m/it/10 x
[]; t[]\OMS/cmsy/m/n/10 j\OML/cmm/m/it/10 x[]; t[]; I\OT1/cmr/m/n/10 )\OML/cmm/
m/it/10 p\OT1/cmr/m/n/10 (\OML/cmm/m/it/10 x[]; t[]\OMS/cmsy/m/n/10 j\OML/cmm/m
/it/10 x[]; t[]; I\OT1/cmr/m/n/10 ) [] \OML/cmm/m/it/10 p\OT1/cmr/m/n/10 (\OML/
cmm/m/it/10 x[]; t[]\OMS/cmsy/m/n/10 j\OML/cmm/m/it/10 I\OT1/cmr/m/n/10 )\OML/c
mm/m/it/10 ;
 []

[9pdfTeX warning (ext4): destination with the same identifier (name{equation.6.
48}) has been already used, duplicate ignored

\AtBegShi@Output ...ipout \box \AtBeginShipoutBox 
                                                  \fi \fi 
l.554 \end{theorem}
                   pdfTeX warning (ext4): destination with the same identifier 
(name{equation.6.48}) has been already used, duplicate ignored

\AtBegShi@Output ...ipout \box \AtBeginShipoutBox 
                                                  \fi \fi 
l.554 \end{theorem}
                   pdfTeX warning (ext4): destination with the same identifier 
(name{equation.6.48}) has been already used, duplicate ignored

\AtBegShi@Output ...ipout \box \AtBeginShipoutBox 
                                                  \fi \fi 
l.554 \end{theorem}
                   ]
Underfull \hbox (badness 10000) in paragraph at lines 555--556

 []

[10pdfTeX warning (ext4): destination with the same identifier (name{equation.6
.50}) has been already used, duplicate ignored

\AtBegShi@Output ...ipout \box \AtBeginShipoutBox 
                                                  \fi \fi 
l.601 \end{equation}
                    pdfTeX warning (ext4): destination with the same identifier
 (name{equation.6.50}) has been already used, duplicate ignored

\AtBegShi@Output ...ipout \box \AtBeginShipoutBox 
                                                  \fi \fi 
l.601 \end{equation}
                    pdfTeX warning (ext4): destination with the same identifier
 (name{equation.6.51}) has been already used, duplicate ignored

\AtBegShi@Output ...ipout \box \AtBeginShipoutBox 
                                                  \fi \fi 
l.601 \end{equation}
                    ] [11pdfTeX warning (ext4): destination with the same ident
ifier (name{equation.7.58}) has been already used, duplicate ignored

\AtBegShi@Output ...ipout \box \AtBeginShipoutBox 
                                                  \fi \fi 
l.669 \end{equation}
                    pdfTeX warning (ext4): destination with the same identifier
 (name{equation.7.60}) has been already used, duplicate ignored

\AtBegShi@Output ...ipout \box \AtBeginShipoutBox 
                                                  \fi \fi 
l.669 \end{equation}
                    pdfTeX warning (ext4): destination with the same identifier
 (name{equation.7.61}) has been already used, duplicate ignored

\AtBegShi@Output ...ipout \box \AtBeginShipoutBox 
                                                  \fi \fi 
l.669 \end{equation}
                    ]
Overfull \hbox (99.14009pt too wide) detected at line 786
[][] [] [] \OT1/cmr/m/n/10 + \OML/cmm/m/it/10 c[] [] \OT1/cmr/m/n/10 = [] \OML/
cmm/m/it/10 : \OT1/cmr/m/n/10 + \OML/cmm/m/it/10 c[] [] :
 []

[12pdfTeX warning (ext4): destination with the same identifier (name{equation.7
.61}) has been already used, duplicate ignored

\AtBegShi@Output ...ipout \box \AtBeginShipoutBox 
                                                  \fi \fi 
l.797 \end{equation}
                    pdfTeX warning (ext4): destination with the same identifier
 (name{equation.7.71}) has been already used, duplicate ignored

\AtBegShi@Output ...ipout \box \AtBeginShipoutBox 
                                                  \fi \fi 
l.797 \end{equation}
                    ]

LaTeX Warning: Reference `app:Burg' on page 13 undefined on input line 804.


Overfull \hbox (67.49251pt too wide) detected at line 839
[][]\OML/cmm/m/it/10 E [] \OT1/cmr/m/n/10 = [] \OML/cmm/m/it/10 c[]E [] c[] \OT
1/cmr/m/n/10 = [] \OML/cmm/m/it/10 c[]R\OT1/cmr/m/n/10 (\OML/cmm/m/it/10 j \OMS
/cmsy/m/n/10 ^^@ \OML/cmm/m/it/10 i\OT1/cmr/m/n/10 )\OML/cmm/m/it/10 c[] > \OT1
/cmr/m/n/10 0\OML/cmm/m/it/10 ;
 []


Overfull \hbox (10.62769pt too wide) detected at line 855
[]
 []

[13pdfTeX warning (ext4): destination with the same identifier (name{equation.7
.71}) has been already used, duplicate ignored

\AtBegShi@Output ...ipout \box \AtBeginShipoutBox 
                                                  \fi \fi 
l.867 \begin{equation}
                      \label{eq:MMAx}pdfTeX warning (ext4): destination with th
e same identifier (name{equation.8.78}) has been already used, duplicate ignore
d

\AtBegShi@Output ...ipout \box \AtBeginShipoutBox 
                                                  \fi \fi 
l.867 \begin{equation}
                      \label{eq:MMAx}] [14]
<Images/Noise and PSD/NormalPSDautocorr.pdf, id=444, 793.91025pt x 424.55914pt>

File: Images/Noise and PSD/NormalPSDautocorr.pdf Graphic file (type pdf)
<use Images/Noise and PSD/NormalPSDautocorr.pdf>
Package pdftex.def Info: Images/Noise and PSD/NormalPSDautocorr.pdf  used on in
put line 927.
(pdftex.def)             Requested size: 341.37474pt x 182.55687pt.

Overfull \hbox (95.37474pt too wide) in paragraph at lines 927--928
 [][] 
 []


LaTeX Warning: Reference `app:Toeplitz' on page 15 undefined on input line 931.



Underfull \hbox (badness 10000) in paragraph at lines 934--936

 []

[15pdfTeX warning (ext4): destination with the same identifier (name{equation.1
2.86}) has been already used, duplicate ignored

\AtBegShi@Output ...ipout \box \AtBeginShipoutBox 
                                                  \fi \fi 
l.946 \subsection
                 {Normal Power Spectral Density}pdfTeX warning (ext4): destinat
ion with the same identifier (name{equation.12.86}) has been already used, dupl
icate ignored

\AtBegShi@Output ...ipout \box \AtBeginShipoutBox 
                                                  \fi \fi 
l.946 \subsection
                 {Normal Power Spectral Density} <./Images/Noise and PSD/Normal
PSDautocorr.pdf>]
<Images/NormalPSD/NormalNoise.pdf, id=501, 935.1738pt x 484.209pt>
File: Images/NormalPSD/NormalNoise.pdf Graphic file (type pdf)
<use Images/NormalPSD/NormalNoise.pdf>
Package pdftex.def Info: Images/NormalPSD/NormalNoise.pdf  used on input line 9
49.
(pdftex.def)             Requested size: 402.1169pt x 208.20581pt.

Overfull \hbox (156.1169pt too wide) in paragraph at lines 949--950
 [][] 
 []


Underfull \hbox (badness 10000) in paragraph at lines 953--956

 []


Underfull \hbox (badness 10000) in paragraph at lines 953--956

 []


! LaTeX Error: Unknown float option `H'.

See the LaTeX manual or LaTeX Companion for explanation.
Type  H <return>  for immediate help.
 ...                                              
                                                  
l.958 \begin{figure}[H]
                       
Option `H' ignored and `p' used.

<Images/NormalPSD/FPEpsdAndResiduals.pdf, id=504, 790.8598pt x 425.89224pt>
File: Images/NormalPSD/FPEpsdAndResiduals.pdf Graphic file (type pdf)
<use Images/NormalPSD/FPEpsdAndResiduals.pdf>
Package pdftex.def Info: Images/NormalPSD/FPEpsdAndResiduals.pdf  used on input
 line 960.
(pdftex.def)             Requested size: 316.33832pt x 170.35387pt.

Overfull \hbox (70.33832pt too wide) in paragraph at lines 960--961
 [][] 
 []


! LaTeX Error: Unknown float option `H'.

See the LaTeX manual or LaTeX Companion for explanation.
Type  H <return>  for immediate help.
 ...                                              
                                                  
l.991 \begin{figure}[H]
                       
Option `H' ignored and `p' used.

<Images/NormalPSD/FPEoptimizer.pdf, id=508, 1146.17235pt x 561.03125pt>
File: Images/NormalPSD/FPEoptimizer.pdf Graphic file (type pdf)
<use Images/NormalPSD/FPEoptimizer.pdf>
Package pdftex.def Info: Images/NormalPSD/FPEoptimizer.pdf  used on input line 
994.
(pdftex.def)             Requested size: 343.85435pt x 168.31067pt.

Overfull \hbox (97.85435pt too wide) in paragraph at lines 992--995
 [] 
 []

[16pdfTeX warning (ext4): destination with the same identifier (name{equation.1
3.87}) has been already used, duplicate ignored

\AtBegShi@Output ...ipout \box \AtBeginShipoutBox 
                                                  \fi \fi 
l.1000 \subsubsection
                     {Optimum Bayes Decision Rule (OBD)}pdfTeX warning (ext4): 
destination with the same identifier (name{equation.13.87}) has been already us
ed, duplicate ignored

\AtBegShi@Output ...ipout \box \AtBeginShipoutBox 
                                                  \fi \fi 
l.1000 \subsubsection
                     {Optimum Bayes Decision Rule (OBD)}pdfTeX warning (ext4): 
destination with the same identifier (name{equation.13.87}) has been already us
ed, duplicate ignored

\AtBegShi@Output ...ipout \box \AtBeginShipoutBox 
                                                  \fi \fi 
l.1000 \subsubsection
                     {Optimum Bayes Decision Rule (OBD)} <./Images/NormalPSD/No
rmalNoise.pdf>]

LaTeX Warning: A float is stuck (cannot be placed); try class option [floatfix]
 on input line 1000.


! LaTeX Error: Unknown float option `H'.

See the LaTeX manual or LaTeX Companion for explanation.
Type  H <return>  for immediate help.
 ...                                              
                                                  
l.1002 \begin{figure}[H]
                        
Option `H' ignored and `p' used.

<Images/NormalPSD/OBDpsdAndResiduals.pdf, id=554, 790.8598pt x 425.89224pt>
File: Images/NormalPSD/OBDpsdAndResiduals.pdf Graphic file (type pdf)
<use Images/NormalPSD/OBDpsdAndResiduals.pdf>
Package pdftex.def Info: Images/NormalPSD/OBDpsdAndResiduals.pdf  used on input
 line 1004.
(pdftex.def)             Requested size: 355.88362pt x 191.64973pt.

Overfull \hbox (109.88362pt too wide) in paragraph at lines 1004--1005
 [][] 
 []


Underfull \hbox (badness 2828) in paragraph at lines 1001--1010
[]\OT1/cmr/m/n/10 The sec-ond op-ti-mizer in con-sid-er-a-tion is OBD.
 []

pdfTeX warning (ext4): destination with the same identifier (name{equation.13.8
7}) has been already used, duplicate ignored
<to be read again> 
                   \relax 
l.1010 \begin{equation}
                       pdfTeX warning (ext4): destination with the same identif
ier (name{equation.13.87}) has been already used, duplicate ignored
<to be read again> 
                   \relax 
l.1010 \begin{equation}
                       pdfTeX warning (ext4): destination with the same identif
ier (name{equation.13.87}) has been already used, duplicate ignored
<to be read again> 
                   \relax 
l.1010 \begin{equation}
                       pdfTeX warning (ext4): destination with the same identif
ier (name{equation.13.87}) has been already used, duplicate ignored
<to be read again> 
                   \relax 
l.1010 \begin{equation}
                       pdfTeX warning (ext4): destination with the same identif
ier (name{equation.13.87}) has been already used, duplicate ignored
<to be read again> 
                   \relax 
l.1015 \begin{equation}
                       pdfTeX warning (ext4): destination with the same identif
ier (name{equation.13.87}) has been already used, duplicate ignored
<to be read again> 
                   \relax 
l.1015 \begin{equation}
                       pdfTeX warning (ext4): destination with the same identif
ier (name{equation.13.87}) has been already used, duplicate ignored
<to be read again> 
                   \relax 
l.1015 \begin{equation}
                       pdfTeX warning (ext4): destination with the same identif
ier (name{equation.13.87}) has been already used, duplicate ignored
<to be read again> 
                   \relax 
l.1015 \begin{equation}
                       

! LaTeX Error: Unknown float option `H'.

See the LaTeX manual or LaTeX Companion for explanation.
Type  H <return>  for immediate help.
 ...                                              
                                                  
l.1021 \begin{figure}[H]
                        
Option `H' ignored and `p' used.

<Images/NormalPSD/OBDoptimizer.pdf, id=556, 1149.03717pt x 561.03125pt>
File: Images/NormalPSD/OBDoptimizer.pdf Graphic file (type pdf)
<use Images/NormalPSD/OBDoptimizer.pdf>
Package pdftex.def Info: Images/NormalPSD/OBDoptimizer.pdf  used on input line 
1023.
(pdftex.def)             Requested size: 344.7138pt x 168.31067pt.

Overfull \hbox (98.7138pt too wide) in paragraph at lines 1023--1024
 [][] 
 []

pdfTeX warning (ext4): destination with the same identifier (name{equation.13.8
7}) has been already used, duplicate ignored
<to be read again> 
                   \relax 
l.1027 \begin{equation}
                       pdfTeX warning (ext4): destination with the same identif
ier (name{equation.13.87}) has been already used, duplicate ignored
<to be read again> 
                   \relax 
l.1027 \begin{equation}
                       pdfTeX warning (ext4): destination with the same identif
ier (name{equation.13.87}) has been already used, duplicate ignored
<to be read again> 
                   \relax 
l.1027 \begin{equation}
                       pdfTeX warning (ext4): destination with the same identif
ier (name{equation.13.87}) has been already used, duplicate ignored
<to be read again> 
                   \relax 
l.1027 \begin{equation}
                       

! LaTeX Error: Unknown float option `H'.

See the LaTeX manual or LaTeX Companion for explanation.
Type  H <return>  for immediate help.
 ...                                              
                                                  
l.1033 \begin{figure}[H]
                        
Option `H' ignored and `p' used.

<Images/CAT/CATnormal.pdf, id=559, 790.8598pt x 425.89224pt>
File: Images/CAT/CATnormal.pdf Graphic file (type pdf)
<use Images/CAT/CATnormal.pdf>
Package pdftex.def Info: Images/CAT/CATnormal.pdf  used on input line 1035.
(pdftex.def)             Requested size: 340.0631pt x 183.13008pt.

Overfull \hbox (94.0631pt too wide) in paragraph at lines 1035--1036
 [][] 
 []


! LaTeX Error: Unknown float option `H'.

See the LaTeX manual or LaTeX Companion for explanation.
Type  H <return>  for immediate help.
 ...                                              
                                                  
l.1050 \begin{figure}[H]
                        
Option `H' ignored and `p' used.

<Images/CAT/CAToptimizer1.pdf, id=561, 782.73569pt x 428.37025pt>
File: Images/CAT/CAToptimizer1.pdf Graphic file (type pdf)
<use Images/CAT/CAToptimizer1.pdf>
Package pdftex.def Info: Images/CAT/CAToptimizer1.pdf  used on input line 1052.

(pdftex.def)             Requested size: 336.56978pt x 184.19562pt.

Overfull \hbox (90.56978pt too wide) in paragraph at lines 1052--1053
 [][] 
 []

<Images/NormalPSD/Gaussmedian.pdf, id=566, 935.1738pt x 484.209pt>
File: Images/NormalPSD/Gaussmedian.pdf Graphic file (type pdf)
<use Images/NormalPSD/Gaussmedian.pdf>
Package pdftex.def Info: Images/NormalPSD/Gaussmedian.pdf  used on input line 1
063.
(pdftex.def)             Requested size: 420.82433pt x 217.89203pt.

Overfull \hbox (174.82433pt too wide) in paragraph at lines 1063--1064
 [][] 
 []

<Images/NormalPSD/Normal Residuals.pdf, id=567, 1176.87555pt x 558.1141pt>
File: Images/NormalPSD/Normal Residuals.pdf Graphic file (type pdf)
<use Images/NormalPSD/Normal Residuals.pdf>
Package pdftex.def Info: Images/NormalPSD/Normal Residuals.pdf  used on input l
ine 1070.
(pdftex.def)             Requested size: 353.06538pt x 167.43552pt.

Overfull \hbox (107.06538pt too wide) in paragraph at lines 1070--1071
 [][] 
 []

[17pdfTeX warning (ext4): destination with the same identifier (name{equation.1
3.88}) has been already used, duplicate ignored

\AtBegShi@Output ...ipout \box \AtBeginShipoutBox 
                                                  \fi \fi 
l.1074 I
        n our analysis, FPE and OBD optimizers are found to behave similarly...
]

LaTeX Warning: A float is stuck (cannot be placed); try class option [floatfix]
 on input line 1074.

<Images/NormalPSD/NormalPSDcomparison.pdf, id=580, 1136.27074pt x 561.03125pt>
File: Images/NormalPSD/NormalPSDcomparison.pdf Graphic file (type pdf)
<use Images/NormalPSD/NormalPSDcomparison.pdf>
Package pdftex.def Info: Images/NormalPSD/NormalPSDcomparison.pdf  used on inpu
t line 1103.
(pdftex.def)             Requested size: 340.88385pt x 168.31067pt.

Overfull \hbox (94.88385pt too wide) in paragraph at lines 1103--1104
 [][] 
 []

<Images/NormalPSD/ordersComparison.pdf, id=581, 789.11891pt x 427.79753pt>
File: Images/NormalPSD/ordersComparison.pdf Graphic file (type pdf)
<use Images/NormalPSD/ordersComparison.pdf>
Package pdftex.def Info: Images/NormalPSD/ordersComparison.pdf  used on input l
ine 1110.
(pdftex.def)             Requested size: 355.10022pt x 192.5071pt.

Overfull \hbox (109.10022pt too wide) in paragraph at lines 1108--1111
 [] 
 []

<Images/NormalPSD/ResidualsComparison.pdf, id=584, 779.53624pt x 424.55914pt>
File: Images/NormalPSD/ResidualsComparison.pdf Graphic file (type pdf)
<use Images/NormalPSD/ResidualsComparison.pdf>
Package pdftex.def Info: Images/NormalPSD/ResidualsComparison.pdf  used on inpu
t line 1118.
(pdftex.def)             Requested size: 358.59102pt x 195.29958pt.

Overfull \hbox (112.59102pt too wide) in paragraph at lines 1118--1119
 [][] 
 []

<Images/LIGOsimulate/LigoPSDoriginal.pdf, id=585, 935.1738pt x 484.209pt>
File: Images/LIGOsimulate/LigoPSDoriginal.pdf Graphic file (type pdf)
<use Images/LIGOsimulate/LigoPSDoriginal.pdf>
Package pdftex.def Info: Images/LIGOsimulate/LigoPSDoriginal.pdf  used on input
 line 1130.
(pdftex.def)             Requested size: 420.82433pt x 217.89203pt.

Overfull \hbox (174.82433pt too wide) in paragraph at lines 1130--1131
 [][] 
 []

[18]

LaTeX Warning: A float is stuck (cannot be placed); try class option [floatfix]
 on input line 1139.

<Images/LIGOsimulate/PSD.pdf, id=598, 800.19514pt x 425.89224pt>
File: Images/LIGOsimulate/PSD.pdf Graphic file (type pdf)
<use Images/LIGOsimulate/PSD.pdf>
Package pdftex.def Info: Images/LIGOsimulate/PSD.pdf  used on input line 1144.
(pdftex.def)             Requested size: 360.08449pt x 191.64973pt.

Overfull \hbox (114.08449pt too wide) in paragraph at lines 1144--1145
 [][] 
 []


Overfull \hbox (40.30647pt too wide) detected at line 1151
[][][] \OT1/cmr/m/n/10 = 0\OML/cmm/m/it/10 :\OT1/cmr/m/n/10 0426%\OML/cmm/m/it/
10 ;  [] \OT1/cmr/m/n/10 = 0\OML/cmm/m/it/10 :\OT1/cmr/m/n/10 129%\OML/cmm/m/it
/10 ;  [] \OT1/cmr/m/n/10 = 0\OML/cmm/m/it/10 :\OT1/cmr/m/n/10 0211%
 []

<Images/LIGOsimulate/1stPeakComparison.pdf, id=600, 935.1738pt x 484.209pt>
File: Images/LIGOsimulate/1stPeakComparison.pdf Graphic file (type pdf)
<use Images/LIGOsimulate/1stPeakComparison.pdf>
Package pdftex.def Info: Images/LIGOsimulate/1stPeakComparison.pdf  used on inp
ut line 1154.
(pdftex.def)             Requested size: 420.82433pt x 217.89203pt.

Overfull \hbox (174.82433pt too wide) in paragraph at lines 1154--1155
 [][] 
 []

<Images/LIGOsimulate/2ndPeakComparison.pdf, id=601, 935.1738pt x 484.209pt>
File: Images/LIGOsimulate/2ndPeakComparison.pdf Graphic file (type pdf)
<use Images/LIGOsimulate/2ndPeakComparison.pdf>
Package pdftex.def Info: Images/LIGOsimulate/2ndPeakComparison.pdf  used on inp
ut line 1164.
(pdftex.def)             Requested size: 420.82433pt x 217.89203pt.

Overfull \hbox (174.82433pt too wide) in paragraph at lines 1164--1165
 [][] 
 []


LaTeX Warning: `h' float specifier changed to `ht'.


LaTeX Warning: `h' float specifier changed to `ht'.


Overfull \hbox (28.96895pt too wide) detected at line 1178
[][][] \OT1/cmr/m/n/10 = 0\OML/cmm/m/it/10 :\OT1/cmr/m/n/10 13 \OMS/cmsy/m/n/10
 ^^F \OT1/cmr/m/n/10 0\OML/cmm/m/it/10 :\OT1/cmr/m/n/10 01;  [] = 0\OML/cmm/m/i
t/10 :\OT1/cmr/m/n/10 17 \OMS/cmsy/m/n/10 ^^F \OML/cmm/m/it/10 :\OT1/cmr/m/n/10
 02;  [] = 0\OML/cmm/m/it/10 :\OT1/cmr/m/n/10 4 \OMS/cmsy/m/n/10 ^^F \OT1/cmr/m
/n/10 0\OML/cmm/m/it/10 :\OT1/cmr/m/n/10 1
 []

<Images/LIGOsimulate/orderVSerror.pdf, id=605, 789.11891pt x 424.55914pt>
File: Images/LIGOsimulate/orderVSerror.pdf Graphic file (type pdf)
<use Images/LIGOsimulate/orderVSerror.pdf>
Package pdftex.def Info: Images/LIGOsimulate/orderVSerror.pdf  used on input li
ne 1183.
(pdftex.def)             Requested size: 339.31451pt x 182.55687pt.

Overfull \hbox (93.31451pt too wide) in paragraph at lines 1183--1184
 [][] 
 []

<Images/LIGOsimulate/LigoHists.pdf, id=606, 795.50214pt x 424.55914pt>
File: Images/LIGOsimulate/LigoHists.pdf Graphic file (type pdf)
<use Images/LIGOsimulate/LigoHists.pdf>
Package pdftex.def Info: Images/LIGOsimulate/LigoHists.pdf  used on input line 
1190.
(pdftex.def)             Requested size: 342.05925pt x 182.55687pt.

Overfull \hbox (96.05925pt too wide) in paragraph at lines 1190--1191
 [][] 
 []

<Images/AlternativeCAT/AlternativeCAT.pdf, id=608, 935.1738pt x 484.209pt>
File: Images/AlternativeCAT/AlternativeCAT.pdf Graphic file (type pdf)
<use Images/AlternativeCAT/AlternativeCAT.pdf>
Package pdftex.def Info: Images/AlternativeCAT/AlternativeCAT.pdf  used on inpu
t line 1207.
(pdftex.def)             Requested size: 420.82433pt x 217.89203pt.

Overfull \hbox (174.82433pt too wide) in paragraph at lines 1207--1208
 [][] 
 []

[19]

LaTeX Warning: A float is stuck (cannot be placed); try class option [floatfix]
 on input line 1214.

<Images/AlternativeCAT/histACatVSFpe.pdf, id=620, 935.1738pt x 484.209pt>
File: Images/AlternativeCAT/histACatVSFpe.pdf Graphic file (type pdf)
<use Images/AlternativeCAT/histACatVSFpe.pdf>
Package pdftex.def Info: Images/AlternativeCAT/histACatVSFpe.pdf  used on input
 line 1219.
(pdftex.def)             Requested size: 420.82433pt x 217.89203pt.

Overfull \hbox (174.82433pt too wide) in paragraph at lines 1219--1220
 [][] 
 []

! Argument of \mathaccentV has an extra }.
<inserted text> 
                \par 
l.1232 \end{align}
                  
I've run across a `}' that doesn't seem to match anything.
For example, `\def\a#1{...}' and `\a}' would produce
this error. If you simply proceed now, the `\par' that
I've just inserted will cause me to report a runaway
argument that might be the root of the problem. But if
your `}' was spurious, just type `2' and it will go away.

Runaway argument?
! Paragraph ended before \mathaccentV was complete.
<to be read again> 
                   \par 
l.1232 \end{align}
                  
I suspect you've forgotten a `}', causing me to apply this
control sequence to too much text. How can we recover?
My plan is to forget the whole thing and hope for the best.

! Missing $ inserted.
<inserted text> 
                $
l.1232 \end{align}
                  
I've inserted a begin-math/end-math symbol since I think
you left one out. Proceed, with fingers crossed.

! Missing } inserted.
<inserted text> 
                }
l.1232 \end{align}
                  
I've inserted something that you may have forgotten.
(See the <inserted text> above.)
With luck, this will get me unwedged. But if you
really didn't forget anything, try typing `2' now; then
my insertion and my current dilemma will both disappear.

! Extra }, or forgotten $.
<recently read> }
                 
l.1232 \end{align}
                  
I've deleted a group-closing symbol because it seems to be
spurious, as in `$x}$'. But perhaps the } is legitimate and
you forgot something else, as in `\hbox{$x}'. In such cases
the way to recover is to insert both the forgotten and the
deleted material, e.g., by typing `I$}'.

! Missing $ inserted.
<inserted text> 
                $
l.1232 \end{align}
                  
I've inserted a begin-math/end-math symbol since I think
you left one out. Proceed, with fingers crossed.

! Argument of \mathaccentV has an extra }.
<inserted text> 
                \par 
l.1232 \end{align}
                  
I've run across a `}' that doesn't seem to match anything.
For example, `\def\a#1{...}' and `\a}' would produce
this error. If you simply proceed now, the `\par' that
I've just inserted will cause me to report a runaway
argument that might be the root of the problem. But if
your `}' was spurious, just type `2' and it will go away.

Runaway argument?
! Paragraph ended before \mathaccentV was complete.
<to be read again> 
                   \par 
l.1232 \end{align}
                  
I suspect you've forgotten a `}', causing me to apply this
control sequence to too much text. How can we recover?
My plan is to forget the whole thing and hope for the best.

! Missing $ inserted.
<inserted text> 
                $
l.1232 \end{align}
                  
I've inserted a begin-math/end-math symbol since I think
you left one out. Proceed, with fingers crossed.

! Missing } inserted.
<inserted text> 
                }
l.1232 \end{align}
                  
I've inserted something that you may have forgotten.
(See the <inserted text> above.)
With luck, this will get me unwedged. But if you
really didn't forget anything, try typing `2' now; then
my insertion and my current dilemma will both disappear.

! Extra }, or forgotten $.
<recently read> }
                 
l.1232 \end{align}
                  
I've deleted a group-closing symbol because it seems to be
spurious, as in `$x}$'. But perhaps the } is legitimate and
you forgot something else, as in `\hbox{$x}'. In such cases
the way to recover is to insert both the forgotten and the
deleted material, e.g., by typing `I$}'.

! Missing $ inserted.
<inserted text> 
                $
l.1232 \end{align}
                  
I've inserted a begin-math/end-math symbol since I think
you left one out. Proceed, with fingers crossed.

! Argument of \mathaccentV has an extra }.
<inserted text> 
                \par 
l.1232 \end{align}
                  
I've run across a `}' that doesn't seem to match anything.
For example, `\def\a#1{...}' and `\a}' would produce
this error. If you simply proceed now, the `\par' that
I've just inserted will cause me to report a runaway
argument that might be the root of the problem. But if
your `}' was spurious, just type `2' and it will go away.

Runaway argument?
! Paragraph ended before \mathaccentV was complete.
<to be read again> 
                   \par 
l.1232 \end{align}
                  
I suspect you've forgotten a `}', causing me to apply this
control sequence to too much text. How can we recover?
My plan is to forget the whole thing and hope for the best.

! Missing $ inserted.
<inserted text> 
                $
l.1232 \end{align}
                  
I've inserted a begin-math/end-math symbol since I think
you left one out. Proceed, with fingers crossed.

! Missing } inserted.
<inserted text> 
                }
l.1232 \end{align}
                  
I've inserted something that you may have forgotten.
(See the <inserted text> above.)
With luck, this will get me unwedged. But if you
really didn't forget anything, try typing `2' now; then
my insertion and my current dilemma will both disappear.

! Extra }, or forgotten $.
<recently read> }
                 
l.1232 \end{align}
                  
I've deleted a group-closing symbol because it seems to be
spurious, as in `$x}$'. But perhaps the } is legitimate and
you forgot something else, as in `\hbox{$x}'. In such cases
the way to recover is to insert both the forgotten and the
deleted material, e.g., by typing `I$}'.

! Missing $ inserted.
<inserted text> 
                $
l.1232 \end{align}
                  
I've inserted a begin-math/end-math symbol since I think
you left one out. Proceed, with fingers crossed.

! Argument of \mathaccentV has an extra }.
<inserted text> 
                \par 
l.1232 \end{align}
                  
I've run across a `}' that doesn't seem to match anything.
For example, `\def\a#1{...}' and `\a}' would produce
this error. If you simply proceed now, the `\par' that
I've just inserted will cause me to report a runaway
argument that might be the root of the problem. But if
your `}' was spurious, just type `2' and it will go away.

Runaway argument?
! Paragraph ended before \mathaccentV was complete.
<to be read again> 
                   \par 
l.1232 \end{align}
                  
I suspect you've forgotten a `}', causing me to apply this
control sequence to too much text. How can we recover?
My plan is to forget the whole thing and hope for the best.

! Missing $ inserted.
<inserted text> 
                $
l.1232 \end{align}
                  
I've inserted a begin-math/end-math symbol since I think
you left one out. Proceed, with fingers crossed.

! Missing } inserted.
<inserted text> 
                }
l.1232 \end{align}
                  
I've inserted something that you may have forgotten.
(See the <inserted text> above.)
With luck, this will get me unwedged. But if you
really didn't forget anything, try typing `2' now; then
my insertion and my current dilemma will both disappear.

! Extra }, or forgotten $.
<recently read> }
                 
l.1232 \end{align}
                  
I've deleted a group-closing symbol because it seems to be
spurious, as in `$x}$'. But perhaps the } is legitimate and
you forgot something else, as in `\hbox{$x}'. In such cases
the way to recover is to insert both the forgotten and the
deleted material, e.g., by typing `I$}'.

! Missing $ inserted.
<inserted text> 
                $
l.1232 \end{align}
                  
I've inserted a begin-math/end-math symbol since I think
you left one out. Proceed, with fingers crossed.

<Images/AlternativeCAT/FPEaCATwhole.pdf, id=623, 935.1738pt x 484.209pt>
File: Images/AlternativeCAT/FPEaCATwhole.pdf Graphic file (type pdf)
<use Images/AlternativeCAT/FPEaCATwhole.pdf>
Package pdftex.def Info: Images/AlternativeCAT/FPEaCATwhole.pdf  used on input 
line 1236.
(pdftex.def)             Requested size: 420.82433pt x 217.89203pt.

Overfull \hbox (174.82433pt too wide) in paragraph at lines 1236--1237
 [][] 
 []

<Images/AlternativeCAT/FPEaCAT7000.pdf, id=626, 935.1738pt x 484.209pt>
File: Images/AlternativeCAT/FPEaCAT7000.pdf Graphic file (type pdf)
<use Images/AlternativeCAT/FPEaCAT7000.pdf>
Package pdftex.def Info: Images/AlternativeCAT/FPEaCAT7000.pdf  used on input l
ine 1245.
(pdftex.def)             Requested size: 402.1169pt x 208.20581pt.

Overfull \hbox (156.1169pt too wide) in paragraph at lines 1245--1246
 [][] 
 []

[20]

LaTeX Warning: A float is stuck (cannot be placed); try class option [floatfix]
 on input line 1253.

<Images/AlternativeCAT/AlternativeVSstandard.pdf, id=638, 935.1738pt x 484.209p
t>
File: Images/AlternativeCAT/AlternativeVSstandard.pdf Graphic file (type pdf)
<use Images/AlternativeCAT/AlternativeVSstandard.pdf>
Package pdftex.def Info: Images/AlternativeCAT/AlternativeVSstandard.pdf  used 
on input line 1257.
(pdftex.def)             Requested size: 420.82433pt x 217.89203pt.

Overfull \hbox (174.82433pt too wide) in paragraph at lines 1257--1258
 [][] 
 []

<Images/AlternativeCAT/CATvsALTerrors.pdf, id=640, 935.1738pt x 484.209pt>
File: Images/AlternativeCAT/CATvsALTerrors.pdf Graphic file (type pdf)
<use Images/AlternativeCAT/CATvsALTerrors.pdf>
Package pdftex.def Info: Images/AlternativeCAT/CATvsALTerrors.pdf  used on inpu
t line 1264.
(pdftex.def)             Requested size: 420.82433pt x 217.89203pt.

Overfull \hbox (174.82433pt too wide) in paragraph at lines 1264--1265
 [][] 
 []


! LaTeX Error: Unknown float option `H'.

See the LaTeX manual or LaTeX Companion for explanation.
Type  H <return>  for immediate help.
 ...                                              
                                                  
l.1275 \begin{figure}[H]
                        
Option `H' ignored and `p' used.

<Images/WelchVSfpe.pdf, id=644, 1151.93375pt x 575.5175pt>
File: Images/WelchVSfpe.pdf Graphic file (type pdf)
<use Images/WelchVSfpe.pdf>
Package pdftex.def Info: Images/WelchVSfpe.pdf  used on input line 1277.
(pdftex.def)             Requested size: 345.5828pt x 172.65659pt.

Overfull \hbox (99.5828pt too wide) in paragraph at lines 1277--1278
 [][] 
 []

<Images/WelchErrors.pdf, id=646, 1179.52608pt x 562.36435pt>
File: Images/WelchErrors.pdf Graphic file (type pdf)
<use Images/WelchErrors.pdf>
Package pdftex.def Info: Images/WelchErrors.pdf  used on input line 1291.
(pdftex.def)             Requested size: 353.86055pt x 168.7106pt.

Overfull \hbox (107.86055pt too wide) in paragraph at lines 1291--1292
 [][] 
 []

[21]

LaTeX Warning: A float is stuck (cannot be placed); try class option [floatfix]
 on input line 1296.


Underfull \hbox (badness 2591) in paragraph at lines 1309--1318
[]\OT1/cmr/m/n/10 R. G. ac-knowl-edges sup-port from the Deutsche
 []


Underfull \hbox (badness 10000) in paragraph at lines 1309--1318
\OT1/cmr/m/n/10 Forschungs-ge-mein-schaft (DFG) un-der Grant No.
 []


Underfull \hbox (badness 10000) in paragraph at lines 1309--1318
\OT1/cmr/m/n/10 Forschungs-ge-mein-schaft (DFG) un-der Grant No.
 []

(./mesa.bbl [22]

LaTeX Warning: A float is stuck (cannot be placed); try class option [floatfix]
 on input line 22.


Underfull \hbox (badness 1014) in paragraph at lines 24--27
 \OT1/cmr/m/n/9 spaced data.,'' \OT1/cmr/m/it/9 The As-tro-phys-i-cal Jour-nal\
OT1/cmr/m/n/9 , vol. 263,
 []

) [23] [24 <./Images/NormalPSD/FPEpsdAndResiduals.pdf> <./Images/NormalPSD/FPEo
ptimizer.pdf

pdfTeX warning: pdflatex (file ./Images/NormalPSD/FPEoptimizer.pdf): PDF inclus
ion: multiple pdfs with page group included in a single page
>] [25 <./Images/NormalPSD/OBDpsdAndResiduals.pdf> <./Images/NormalPSD/OBDoptim
izer.pdf

pdfTeX warning: pdflatex (file ./Images/NormalPSD/OBDoptimizer.pdf): PDF inclus
ion: multiple pdfs with page group included in a single page
>] [26 <./Images/CAT/CATnormal.pdf> <./Images/CAT/CAToptimizer1.pdf

pdfTeX warning: pdflatex (file ./Images/CAT/CAToptimizer1.pdf): PDF inclusion: 
multiple pdfs with page group included in a single page
>] [27 <./Images/NormalPSD/Gaussmedian.pdf> <./Images/NormalPSD/Normal Residual
s.pdf

pdfTeX warning: pdflatex (file ./Images/NormalPSD/Normal Residuals.pdf): PDF in
clusion: multiple pdfs with page group included in a single page
>] [28 <./Images/NormalPSD/NormalPSDcomparison.pdf> <./Images/NormalPSD/ordersC
omparison.pdf

pdfTeX warning: pdflatex (file ./Images/NormalPSD/ordersComparison.pdf): PDF in
clusion: multiple pdfs with page group included in a single page
> <./Images/NormalPSD/ResidualsComparison.pdf

pdfTeX warning: pdflatex (file ./Images/NormalPSD/ResidualsComparison.pdf): PDF
 inclusion: multiple pdfs with page group included in a single page
>] [29 <./Images/LIGOsimulate/LigoPSDoriginal.pdf> <./Images/LIGOsimulate/PSD.p
df

pdfTeX warning: pdflatex (file ./Images/LIGOsimulate/PSD.pdf): PDF inclusion: m
ultiple pdfs with page group included in a single page
>] [30 <./Images/LIGOsimulate/1stPeakComparison.pdf> <./Images/LIGOsimulate/2nd
PeakComparison.pdf

pdfTeX warning: pdflatex (file ./Images/LIGOsimulate/2ndPeakComparison.pdf): PD
F inclusion: multiple pdfs with page group included in a single page
>] [31 <./Images/LIGOsimulate/orderVSerror.pdf> <./Images/LIGOsimulate/LigoHist
s.pdf

pdfTeX warning: pdflatex (file ./Images/LIGOsimulate/LigoHists.pdf): PDF inclus
ion: multiple pdfs with page group included in a single page
>] [32 <./Images/AlternativeCAT/AlternativeCAT.pdf> <./Images/AlternativeCAT/hi
stACatVSFpe.pdf

pdfTeX warning: pdflatex (file ./Images/AlternativeCAT/histACatVSFpe.pdf): PDF 
inclusion: multiple pdfs with page group included in a single page
>] [33 <./Images/AlternativeCAT/FPEaCATwhole.pdf> <./Images/AlternativeCAT/FPEa
CAT7000.pdf

pdfTeX warning: pdflatex (file ./Images/AlternativeCAT/FPEaCAT7000.pdf): PDF in
clusion: multiple pdfs with page group included in a single page
>] [34 <./Images/AlternativeCAT/AlternativeVSstandard.pdf> <./Images/Alternativ
eCAT/CATvsALTerrors.pdf

pdfTeX warning: pdflatex (file ./Images/AlternativeCAT/CATvsALTerrors.pdf): PDF
 inclusion: multiple pdfs with page group included in a single page
>] [35 <./Images/WelchVSfpe.pdf> <./Images/WelchErrors.pdf

pdfTeX warning: pdflatex (file ./Images/WelchErrors.pdf): PDF inclusion: multip
le pdfs with page group included in a single page
>]
Package atveryend Info: Empty hook `AfterLastShipout' on input line 1332.
 (./mesa.aux)
Package atveryend Info: Executing hook `AtVeryEndDocument' on input line 1332.
Package atveryend Info: Executing hook `AtEndAfterFileList' on input line 1332.

Package rerunfilecheck Info: File `mesa.out' has not changed.
(rerunfilecheck)             Checksum: 76C4E2F79B59BB7DCA5AE099D0871979;2976.


LaTeX Warning: There were undefined references.


LaTeX Warning: There were multiply-defined labels.

 ) 
Here is how much of TeX's memory you used:
 13955 strings out of 481239
 244643 string characters out of 5920378
 583135 words of memory out of 5000000
 28701 multiletter control sequences out of 15000+600000
 548764 words of font info for 86 fonts, out of 8000000 for 9000
 1141 hyphenation exceptions out of 8191
 35i,10n,40p,1378b,882s stack positions out of 5000i,500n,10000p,200000b,80000s
{/usr/share/texmf/fonts/enc/dvips/cm-super/cm-super-ts1.enc}</usr/share/texli
ve/texmf-dist/fonts/type1/public/amsfonts/cm/cmbx10.pfb></usr/share/texlive/tex
mf-dist/fonts/type1/public/amsfonts/cm/cmbx12.pfb></usr/share/texlive/texmf-dis
t/fonts/type1/public/amsfonts/cm/cmbx9.pfb></usr/share/texlive/texmf-dist/fonts
/type1/public/amsfonts/cm/cmex10.pfb></usr/share/texlive/texmf-dist/fonts/type1
/public/amsfonts/cmextra/cmex7.pfb></usr/share/texlive/texmf-dist/fonts/type1/p
ublic/amsfonts/cm/cmmi10.pfb></usr/share/texlive/texmf-dist/fonts/type1/public/
amsfonts/cm/cmmi5.pfb></usr/share/texlive/texmf-dist/fonts/type1/public/amsfont
s/cm/cmmi7.pfb></usr/share/texlive/texmf-dist/fonts/type1/public/amsfonts/cm/cm
mi9.pfb></usr/share/texlive/texmf-dist/fonts/type1/public/amsfonts/cm/cmr10.pfb
></usr/share/texlive/texmf-dist/fonts/type1/public/amsfonts/cm/cmr5.pfb></usr/s
hare/texlive/texmf-dist/fonts/type1/public/amsfonts/cm/cmr6.pfb></usr/share/tex
live/texmf-dist/fonts/type1/public/amsfonts/cm/cmr7.pfb></usr/share/texlive/tex
mf-dist/fonts/type1/public/amsfonts/cm/cmr8.pfb></usr/share/texlive/texmf-dist/
fonts/type1/public/amsfonts/cm/cmr9.pfb></usr/share/texlive/texmf-dist/fonts/ty
pe1/public/amsfonts/cm/cmsy10.pfb></usr/share/texlive/texmf-dist/fonts/type1/pu
blic/amsfonts/cm/cmsy5.pfb></usr/share/texlive/texmf-dist/fonts/type1/public/am
sfonts/cm/cmsy6.pfb></usr/share/texlive/texmf-dist/fonts/type1/public/amsfonts/
cm/cmsy7.pfb></usr/share/texlive/texmf-dist/fonts/type1/public/amsfonts/cm/cmti
10.pfb></usr/share/texlive/texmf-dist/fonts/type1/public/amsfonts/cm/cmti9.pfb>
</usr/share/texlive/texmf-dist/fonts/type1/public/amsfonts/symbols/msbm10.pfb><
/usr/share/texlive/texmf-dist/fonts/type1/public/amsfonts/symbols/msbm7.pfb></u
sr/share/texmf/fonts/type1/public/cm-super/sfrm1000.pfb>
Output written on mesa.pdf (35 pages, 2187078 bytes).
PDF statistics:
 1842 PDF objects out of 2073 (max. 8388607)
 828 compressed objects within 9 object streams
 226 named destinations out of 1000 (max. 500000)
 464 words of extra memory for PDF output out of 10000 (max. 10000000)

