\BOOKMARK [0][-]{section*.2}{Maximum Entropy Spectral Analysis}{}% 2
\BOOKMARK [1][-]{section*.1}{Abstract}{section*.2}% 1
\BOOKMARK [1][-]{section*.3}{Maximum Entropy Principle}{section*.2}% 3
\BOOKMARK [1][-]{section*.4}{Maximum Entropy Spectral Analysis}{section*.2}% 4
\BOOKMARK [1][-]{section*.5}{Autoregressive Process Analogy}{section*.2}% 5
\BOOKMARK [1][-]{section*.6}{Forecasting}{section*.2}% 6
\BOOKMARK [1][-]{section*.7}{Choosing an autoregressive order}{section*.2}% 7
\BOOKMARK [1][-]{section*.8}{Analysis of the optimizers}{section*.2}% 8
\BOOKMARK [1][-]{section*.9}{Analysis of optimizers - Introduction}{section*.2}% 9
\BOOKMARK [1][-]{section*.10}{Gaussian noise}{section*.2}% 10
\BOOKMARK [1][-]{section*.11}{Test on Time Series}{section*.2}% 11
\BOOKMARK [2][-]{section*.12}{Normal Power Spectral Density}{section*.11}% 12
\BOOKMARK [3][-]{section*.13}{Final Prediction Error \(FPE\)}{section*.12}% 13
\BOOKMARK [3][-]{section*.14}{Optimum Bayes Decision Rule \(OBD\)}{section*.12}% 14
\BOOKMARK [3][-]{section*.15}{Criterion Autoregressive Transfer function \(CAT\)}{section*.12}% 15
\BOOKMARK [2][-]{section*.16}{Summary and Comparison}{section*.11}% 16
\BOOKMARK [2][-]{section*.17}{Analysis of Ligo Spectrum}{section*.11}% 17
\BOOKMARK [3][-]{section*.18}{Properties for the average spectrum}{section*.17}% 18
\BOOKMARK [3][-]{section*.19}{Statistical properties of single realizations}{section*.17}% 19
\BOOKMARK [1][-]{section*.20}{Example}{section*.2}% 20
\BOOKMARK [1][-]{section*.21}{Comparison with Welch method}{section*.2}% 21
\BOOKMARK [1][-]{section*.22}{Appendix 1: MESA solution}{section*.2}% 22
\BOOKMARK [2][-]{section*.23}{MESA solution}{section*.22}% 23
\BOOKMARK [2][-]{section*.24}{Levinson Recursion}{section*.22}% 24
\BOOKMARK [1][-]{section*.25}{Introduction}{section*.2}% 25
\BOOKMARK [1][-]{section*.26}{Maximum Entropy}{section*.2}% 26
\BOOKMARK [2][-]{section*.27}{Indifference principle}{section*.26}% 27
\BOOKMARK [2][-]{section*.28}{Maximum Entropy Principle}{section*.26}% 28
\BOOKMARK [1][-]{section*.29}{Time Series}{section*.2}% 29
\BOOKMARK [2][-]{section*.30}{Stationary processes}{section*.29}% 30
\BOOKMARK [3][-]{section*.31}{Stationarity conditions}{section*.30}% 31
\BOOKMARK [3][-]{section*.32}{Gaussian noise}{section*.30}% 32
\BOOKMARK [2][-]{section*.33}{Autoregressive process}{section*.29}% 33
\BOOKMARK [2][-]{section*.34}{ARMA process and Autoregressive stationary process}{section*.29}% 34
\BOOKMARK [3][-]{section*.35}{ARMA process}{section*.34}% 35
\BOOKMARK [3][-]{section*.36}{Autoregressive stationary process}{section*.34}% 36
\BOOKMARK [1][-]{section*.37}{Maximum Entropy Spectral Analysis}{section*.2}% 37
\BOOKMARK [2][-]{section*.38}{MESA solution}{section*.37}% 38
\BOOKMARK [2][-]{section*.39}{Levinson Recursion}{section*.37}% 39
\BOOKMARK [1][-]{section*.40}{The Autoregressive process analogy}{section*.2}% 40
\BOOKMARK [1][-]{section*.41}{Choosing an autoregressive order}{section*.2}% 41
\BOOKMARK [1][-]{section*.42}{Conclusions}{section*.2}% 42
\BOOKMARK [1][-]{section*.43}{Analysis of optimizers - Introduction}{section*.2}% 43
\BOOKMARK [1][-]{section*.44}{Gaussian noise}{section*.2}% 44
\BOOKMARK [1][-]{section*.45}{Test on Time Series}{section*.2}% 45
\BOOKMARK [2][-]{section*.46}{Normal Power Spectral Density}{section*.45}% 46
\BOOKMARK [3][-]{section*.47}{Final Prediction Error \(FPE\)}{section*.46}% 47
\BOOKMARK [3][-]{section*.48}{Optimum Bayes Decision Rule \(OBD\)}{section*.46}% 48
\BOOKMARK [3][-]{section*.49}{Criterion Autoregressive Transfer function \(CAT\)}{section*.46}% 49
\BOOKMARK [2][-]{section*.50}{Summary and Comparison}{section*.45}% 50
\BOOKMARK [2][-]{section*.51}{Analysis of Ligo Spectrum}{section*.45}% 51
\BOOKMARK [3][-]{section*.52}{Properties for the average spectrum}{section*.51}% 52
\BOOKMARK [3][-]{section*.53}{Statistical properties of single realizations}{section*.51}% 53
\BOOKMARK [1][-]{section*.54}{Another approach to CAT}{section*.2}% 54
\BOOKMARK [2][-]{section*.55}{Alternative CAT vs FPE}{section*.54}% 55
\BOOKMARK [2][-]{section*.56}{Alternative VS Standard CAT}{section*.54}% 56
\BOOKMARK [1][-]{section*.57}{Comparison of MESA with Welch Method}{section*.2}% 57
\BOOKMARK [1][-]{section*.58}{Conclusions}{section*.2}% 58
\BOOKMARK [1][-]{section*.59}{Introduction}{section*.2}% 59
\BOOKMARK [1][-]{section*.60}{Analysis of Sun Spots}{section*.2}% 60
\BOOKMARK [1][-]{section*.61}{Time Series Forcasting}{section*.2}% 61
\BOOKMARK [1][-]{section*.62}{Conclusions}{section*.2}% 62
\BOOKMARK [1][-]{section*.63}{Introduction}{section*.2}% 63
\BOOKMARK [1][-]{section*.64}{Bayesian inference}{section*.2}% 64
\BOOKMARK [2][-]{section*.65}{Bayes Theorem}{section*.64}% 65
\BOOKMARK [3][-]{section*.66}{Assigning Likelihood}{section*.65}% 66
\BOOKMARK [1][-]{section*.67}{Power Spectral density Computation}{section*.2}% 67
\BOOKMARK [2][-]{section*.68}{Pure noise signals}{section*.67}% 68
\BOOKMARK [2][-]{section*.69}{Off Source Estimate}{section*.67}% 69
\BOOKMARK [2][-]{section*.70}{On-source Estimate}{section*.67}% 70
\BOOKMARK [3][-]{section*.71}{The Idea in a nutshell}{section*.70}% 71
\BOOKMARK [1][-]{section*.72}{Sinusoidal Signal}{section*.2}% 72
\BOOKMARK [2][-]{section*.73}{Brown Noise}{section*.72}% 73
\BOOKMARK [3][-]{section*.74}{Off-source analysis}{section*.73}% 74
\BOOKMARK [3][-]{section*.75}{On-Source Analysis}{section*.73}% 75
\BOOKMARK [1][-]{section*.76}{Ligo Noise}{section*.2}% 76
\BOOKMARK [2][-]{section*.77}{Off-Source Analysis}{section*.76}% 77
\BOOKMARK [2][-]{section*.78}{On-Source Analysis}{section*.76}% 78
\BOOKMARK [1][-]{section*.79}{Conclusions}{section*.2}% 79
\BOOKMARK [1][-]{section*.80}{Acknowledgments}{section*.2}% 80
\BOOKMARK [1][-]{section*.81}{References}{section*.2}% 81
